<jpml id="SECTION-4story-smallG-top_template">
	<style src="GLOBAL-stylesheet.ejs" />
	<style src="SECTION-stylesheet.ejs" />
	<style>{
		if: =portrait, then: {
			#b1:	{ frame: [291, 0, 475, 620], options:{large_headline:true, show_image:true, no_border:true, bottom:true, byline:{if: =scale.small, then:true, else:false}} },
			#b2:	{ frame: [0, 0, 280, 214], options:{small_headline:true, no_border:true, no_indent:true} },
			#b3:	{ frame: [0, 214, 280, 204], options:{small_headline:true, no_indent:true} },
			#b4:	{ frame: [0, 418, 280, 200], options:{small_headline:true, bottom:true, no_indent:true} }
		}, else: {
			#b1:	{ frame: [299, 0, 475, 620], options:{large_headline:true, show_image:true, F_image:{if: =scale.small, then:true, else:false}, no_border:true, bottom:true, byline:{if: =scale.small, then:true, else:false}} },
			#b2:	{ frame: [3, 0, 280, 214], options:{small_headline:true, no_border:true, no_indent:true} },
			#b3:	{ frame: [3, 212, 280, 204], options:{small_headline:true, no_indent:true} },
			#b4:	{ frame: [3, 416, 280, 204], options:{small_headline:true, bottom:true, no_indent:true} },
			#h1: {options:{hide_image:{if: =scale.small, then:true, else:false}}},
			#h2: {options:{hide_image:{if: =scale.small, then:true, else:false}}}
		}
	}</style>
	
	<box id="b1" embed="article" module="TOP-IMAGE_module.xml" />
	<box id="b2" embed="article" module="TOP-IMAGE_module.xml" />
	<box id="b3" embed="article" module="TOP-IMAGE_module.xml" />
	<box id="b4" embed="article" module="TOP-IMAGE_module.xml" />
	<box id="h1" embed="article" module="HIGHLIGHTS_module.xml" />
	<box id="h2" embed="article" module="HIGHLIGHTS_module.xml" />
	<box id="ad_background" class="ad_light">
		<box id="highlight_ad" class="ad-rectangle" embed="advertisement" />
	</box>

	
</jpml>