<jpml id="TEST-4-grid_template">
	<style src="GLOBAL-stylesheet.ejs" />
    <style src="GRID-stylesheet.ejs"/>
	<style>{
		jpml: {
			padding:[0],
			background-color:transparent
			
		}
	}</style>
	<style>{
		if: =portrait, then: {
			#b1: {
				top:0,
				height:1024,
				background-color:"rgba(232, 0, 0, .3)"
			},
			#b2: {
				top:0,
				height:1024,
				background-color:"rgba(232, 0, 0, .3)"
			},
			#b3: {
				top:0,
				height:1024,
				background-color:"rgba(232, 0, 0, .3)"
			},
			#b4: {
				top:0,
				height:1024,
				background-color:"rgba(232, 0, 0, .3)"
			},
			#b5: {
				top:0,
				height:1024,
				background-color:"rgba(232, 0, 0, .3)"
			},
			#b6: {
				top:0,
				height:1024,
				background-color:"rgba(232, 0, 0, .3)"
			},
			#b7: {
				top:0,
				height:1024,
				background-color:"rgba(232, 0, 0, .3)"
			},
			#b8: {
				top:0,
				height:1024,
				background-color:"rgba(232, 0, 0, .3)"
			},
			#b9: {
				top:0,
				height:1024,
				background-color:"rgba(232, 0, 0, .3)"
			},
			#b10: {
				top:0,
				height:1024,
				background-color:"rgba(232, 0, 0, .3)"
			},
			#b11: {
				top:0,
				height:1024,
				background-color:"rgba(232, 0, 0, .3)"
			},
			#b12: {
				top:0,
				height:1024,
				background-color:"rgba(232, 0, 0, .3)"
			}
			
			
			
			
			
		}, else: {
		#b1: {
			top:0,
			height:768,
			background-color:"rgba(232, 0, 0, .3)"
		},
		#b2: {
			top:0,
			height:768,
			background-color:"rgba(232, 0, 0, .3)"
		},
		#b3: {
			top:0,
			height:768,
			background-color:"rgba(232, 0, 0, .3)"
		},
		#b4: {
			top:0,
			height:768,
			background-color:"rgba(232, 0, 0, .3)"
		},
		#b5: {
			top:0,
			height:768,
			background-color:"rgba(232, 0, 0, .3)"
		},
		#b6: {
			top:0,
			height:768,
			background-color:"rgba(232, 0, 0, .3)"
		},
		#b7: {
			top:0,
			height:768,
			background-color:"rgba(232, 0, 0, .3)"
		},
		#b8: {
			top:0,
			height:768,
			background-color:"rgba(232, 0, 0, .3)"
		},
		#b9: {
			top:0,
			height:768,
			background-color:"rgba(232, 0, 0, .3)"
		},
		#b10: {
			top:0,
			height:768,
			background-color:"rgba(232, 0, 0, .3)"
		},
		#b11: {
			top:0,
			height:768,
			background-color:"rgba(232, 0, 0, .3)"
		},
		#b12: {
			top:0,
			height:768,
			background-color:"rgba(232, 0, 0, .3)"
		},
		#b13: {
			top:0,
			height:768,
			background-color:"rgba(232, 0, 0, .3)"
		},
		#b14: {
			top:0,
			height:768,
			background-color:"rgba(232, 0, 0, .3)"
		},
		#b15: {
			top:0,
			height:768,
			background-color:"rgba(232, 0, 0, .3)"
		},
		#b16: {
			top:0,
			height:768,
			background-color:"rgba(232, 0, 0, .3)"
		}



			
		}
	}</style>

	<box id="b1" class="positionx1 column1"/>
	<box id="b2" class="positionx2 column1"/>
    <box id="b3" class="positionx3 column1"/>
	<box id="b4" class="positionx4 column1"/>
	<box id="b5" class="positionx5 column1"/>
	<box id="b6" class="positionx6 column1"/>
	<box id="b7" class="positionx7 column1"/>
	<box id="b8" class="positionx8 column1"/>
	<box id="b9" class="positionx9 column1"/>
	<box id="b10" class="positionx10 column1"/>
	<box id="b11" class="positionx11 column1"/>
	<box id="b12" class="positionx12 column1"/>
	<box id="b13" class="positionx13 column1"/>
	<box id="b14" class="positionx14 column1"/>
	<box id="b15" class="positionx15 column1"/>
	<box id="b16" class="positionx16 column1"/>
	

</jpml>

